version https://git-lfs.github.com/spec/v1
oid sha256:13a799ba1be490b48ae665ca8698c9344c3ef1154c77505d86bcf2790b198ab5
size 32301
