version https://git-lfs.github.com/spec/v1
oid sha256:4f983b844f959a06574fbbb82bc8af40d626dcf99b3f23634e33600fe79453f8
size 27927
