version https://git-lfs.github.com/spec/v1
oid sha256:a77763378077990725c449ef9e48b1343c5421e31b207f0289db5b3974bfaaf6
size 11664
