version https://git-lfs.github.com/spec/v1
oid sha256:909ff52858e53e558da12ec45bc3f952e5fe8fc317861e16b05b7ddc27a977af
size 11356
