<?xml version="1.0" encoding="UTF-8"?>
<testsuite name="com.sch.sch_elasticsearch.ElasticsearchApplicationTests" tests="1" skipped="0" failures="0" errors="0" timestamp="2023-11-23T03:40:49" hostname="DESKTOP-BLHP263" time="0.486">
  <properties/>
  <testcase name="testBoot()" classname="com.sch.sch_elasticsearch.ElasticsearchApplicationTests" time="0.486"/>
  <system-out><![CDATA[12:40:43.902 [Test worker] DEBUG org.springframework.test.context.BootstrapUtils - Instantiating CacheAwareContextLoaderDelegate from class [org.springframework.test.context.cache.DefaultCacheAwareContextLoaderDelegate]
12:40:43.921 [Test worker] DEBUG org.springframework.test.context.BootstrapUtils - Instantiating BootstrapContext using constructor [public org.springframework.test.context.support.DefaultBootstrapContext(java.lang.Class,org.springframework.test.context.CacheAwareContextLoaderDelegate)]
12:40:43.963 [Test worker] DEBUG org.springframework.test.context.BootstrapUtils - Instantiating TestContextBootstrapper for test class [com.sch.sch_elasticsearch.ElasticsearchApplicationTests] from class [org.springframework.boot.test.context.SpringBootTestContextBootstrapper]
12:40:43.978 [Test worker] INFO org.springframework.boot.test.context.SpringBootTestContextBootstrapper - Neither @ContextConfiguration nor @ContextHierarchy found for test class [com.sch.sch_elasticsearch.ElasticsearchApplicationTests], using SpringBootContextLoader
12:40:43.984 [Test worker] DEBUG org.springframework.test.context.support.AbstractContextLoader - Did not detect default resource location for test class [com.sch.sch_elasticsearch.ElasticsearchApplicationTests]: class path resource [com/sch/sch_elasticsearch/ElasticsearchApplicationTests-context.xml] does not exist
12:40:43.985 [Test worker] DEBUG org.springframework.test.context.support.AbstractContextLoader - Did not detect default resource location for test class [com.sch.sch_elasticsearch.ElasticsearchApplicationTests]: class path resource [com/sch/sch_elasticsearch/ElasticsearchApplicationTestsContext.groovy] does not exist
12:40:43.985 [Test worker] INFO org.springframework.test.context.support.AbstractContextLoader - Could not detect default resource locations for test class [com.sch.sch_elasticsearch.ElasticsearchApplicationTests]: no resource found for suffixes {-context.xml, Context.groovy}.
12:40:43.987 [Test worker] INFO org.springframework.test.context.support.AnnotationConfigContextLoaderUtils - Could not detect default configuration classes for test class [com.sch.sch_elasticsearch.ElasticsearchApplicationTests]: ElasticsearchApplicationTests does not declare any static, non-private, non-final, nested classes annotated with @Configuration.
12:40:44.047 [Test worker] DEBUG org.springframework.test.context.support.ActiveProfilesUtils - Could not find an 'annotation declaring class' for annotation type [org.springframework.test.context.ActiveProfiles] and class [com.sch.sch_elasticsearch.ElasticsearchApplicationTests]
12:40:44.129 [Test worker] DEBUG org.springframework.context.annotation.ClassPathScanningCandidateComponentProvider - Identified candidate component class: file [C:\Users\SSAFY\Desktop\openAPI\elasticsearch-springboot\elasticsearch\build\classes\java\main\com\sch\sch_elasticsearch\ElasticsearchApplication.class]
12:40:44.130 [Test worker] INFO org.springframework.boot.test.context.SpringBootTestContextBootstrapper - Found @SpringBootConfiguration com.sch.sch_elasticsearch.ElasticsearchApplication for test class com.sch.sch_elasticsearch.ElasticsearchApplicationTests
12:40:44.302 [Test worker] DEBUG org.springframework.boot.test.context.SpringBootTestContextBootstrapper - @TestExecutionListeners is not present for class [com.sch.sch_elasticsearch.ElasticsearchApplicationTests]: using defaults.
12:40:44.304 [Test worker] INFO org.springframework.boot.test.context.SpringBootTestContextBootstrapper - Loaded default TestExecutionListener class names from location [META-INF/spring.factories]: [org.springframework.boot.test.autoconfigure.restdocs.RestDocsTestExecutionListener, org.springframework.boot.test.autoconfigure.web.client.MockRestServiceServerResetTestExecutionListener, org.springframework.boot.test.autoconfigure.web.servlet.MockMvcPrintOnlyOnFailureTestExecutionListener, org.springframework.boot.test.autoconfigure.web.servlet.WebDriverTestExecutionListener, org.springframework.boot.test.autoconfigure.webservices.client.MockWebServiceServerTestExecutionListener, org.springframework.boot.test.mock.mockito.MockitoTestExecutionListener, org.springframework.boot.test.mock.mockito.ResetMocksTestExecutionListener, org.springframework.test.context.web.ServletTestExecutionListener, org.springframework.test.context.support.DirtiesContextBeforeModesTestExecutionListener, org.springframework.test.context.event.ApplicationEventsTestExecutionListener, org.springframework.test.context.support.DependencyInjectionTestExecutionListener, org.springframework.test.context.support.DirtiesContextTestExecutionListener, org.springframework.test.context.transaction.TransactionalTestExecutionListener, org.springframework.test.context.jdbc.SqlScriptsTestExecutionListener, org.springframework.test.context.event.EventPublishingTestExecutionListener]
12:40:44.328 [Test worker] INFO org.springframework.boot.test.context.SpringBootTestContextBootstrapper - Using TestExecutionListeners: [org.springframework.test.context.web.ServletTestExecutionListener@232024b9, org.springframework.test.context.support.DirtiesContextBeforeModesTestExecutionListener@55a8dc49, org.springframework.test.context.event.ApplicationEventsTestExecutionListener@2a415aa9, org.springframework.boot.test.mock.mockito.MockitoTestExecutionListener@53cdecf6, org.springframework.boot.test.autoconfigure.SpringBootDependencyInjectionTestExecutionListener@71ea1fda, org.springframework.test.context.support.DirtiesContextTestExecutionListener@62b3df3a, org.springframework.test.context.transaction.TransactionalTestExecutionListener@420745d7, org.springframework.test.context.jdbc.SqlScriptsTestExecutionListener@7e11ab3d, org.springframework.test.context.event.EventPublishingTestExecutionListener@5fa47fea, org.springframework.boot.test.autoconfigure.restdocs.RestDocsTestExecutionListener@2392212b, org.springframework.boot.test.autoconfigure.web.client.MockRestServiceServerResetTestExecutionListener@5b43e173, org.springframework.boot.test.autoconfigure.web.servlet.MockMvcPrintOnlyOnFailureTestExecutionListener@28f8e165, org.springframework.boot.test.autoconfigure.web.servlet.WebDriverTestExecutionListener@545f80bf, org.springframework.boot.test.autoconfigure.webservices.client.MockWebServiceServerTestExecutionListener@66f66866, org.springframework.boot.test.mock.mockito.ResetMocksTestExecutionListener@22fa55b2]
12:40:44.333 [Test worker] DEBUG org.springframework.test.context.support.AbstractDirtiesContextTestExecutionListener - Before test class: context [DefaultTestContext@328572f0 testClass = ElasticsearchApplicationTests, testInstance = [null], testMethod = [null], testException = [null], mergedContextConfiguration = [WebMergedContextConfiguration@678040b3 testClass = ElasticsearchApplicationTests, locations = '{}', classes = '{class com.sch.sch_elasticsearch.ElasticsearchApplication}', contextInitializerClasses = '[]', activeProfiles = '{}', propertySourceLocations = '{}', propertySourceProperties = '{org.springframework.boot.test.context.SpringBootTestContextBootstrapper=true}', contextCustomizers = set[org.springframework.boot.test.autoconfigure.actuate.metrics.MetricsExportContextCustomizerFactory$DisableMetricExportContextCustomizer@1e63ec0b, org.springframework.boot.test.autoconfigure.properties.PropertyMappingContextCustomizer@0, org.springframework.boot.test.autoconfigure.web.servlet.WebDriverContextCustomizerFactory$Customizer@5b057c8c, org.springframework.boot.test.context.filter.ExcludeFilterContextCustomizer@650eab8, org.springframework.boot.test.json.DuplicateJsonObjectContextCustomizerFactory$DuplicateJsonObjectContextCustomizer@53f48368, org.springframework.boot.test.mock.mockito.MockitoContextCustomizer@0, org.springframework.boot.test.web.client.TestRestTemplateContextCustomizer@4a335fa8, org.springframework.boot.test.context.SpringBootTestArgs@1, org.springframework.boot.test.context.SpringBootTestWebEnvironment@4e07b95f], resourceBasePath = 'src/main/webapp', contextLoader = 'org.springframework.boot.test.context.SpringBootContextLoader', parent = [null]], attributes = map['org.springframework.test.context.web.ServletTestExecutionListener.activateListener' -> true]], class annotated with @DirtiesContext [false] with mode [null].

  .   ____          _            __ _ _
 /\\ / ___'_ __ _ _(_)_ __  __ _ \ \ \ \
( ( )\___ | '_ | '_| | '_ \/ _` | \ \ \ \
 \\/  ___)| |_)| | | | | || (_| |  ) ) ) )
  '  |____| .__|_| |_|_| |_\__, | / / / /
 =========|_|==============|___/=/_/_/_/
 :: Spring Boot ::               (v2.7.17)

[2023-11-23 12:40:44][Test worker] INFO  c.s.s.ElasticsearchApplicationTests - Starting ElasticsearchApplicationTests using Java 11.0.20 on DESKTOP-BLHP263 with PID 13960 (started by SSAFY in C:\Users\SSAFY\Desktop\openAPI\elasticsearch-springboot\elasticsearch)
[2023-11-23 12:40:44][Test worker] INFO  c.s.s.ElasticsearchApplicationTests - No active profile set, falling back to 1 default profile: "default"
[2023-11-23 12:40:45][Test worker] INFO  o.s.d.r.c.RepositoryConfigurationDelegate - Bootstrapping Spring Data Elasticsearch repositories in DEFAULT mode.
[2023-11-23 12:40:45][Test worker] INFO  o.s.d.r.c.RepositoryConfigurationDelegate - Finished Spring Data repository scanning in 78 ms. Found 2 Elasticsearch repository interfaces.
[2023-11-23 12:40:45][Test worker] INFO  o.s.d.r.c.RepositoryConfigurationDelegate - Bootstrapping Spring Data Reactive Elasticsearch repositories in DEFAULT mode.
[2023-11-23 12:40:45][Test worker] INFO  o.s.d.r.c.RepositoryConfigurationDelegate - Finished Spring Data repository scanning in 16 ms. Found 0 Reactive Elasticsearch repository interfaces.
[2023-11-23 12:40:47][Test worker] TRACE o.s.data.elasticsearch.client.WIRE - [4ca0b9b1] Sending request GET / with parameters: 
[2023-11-23 12:40:48][I/O dispatcher 1] TRACE o.s.data.elasticsearch.client.WIRE - [4ca0b9b1] Received raw response: 200 OK
[2023-11-23 12:40:48][Test worker] TRACE o.s.data.elasticsearch.client.WIRE - [1171ba7e] Sending request HEAD /scrap_wiki_final_1113 with parameters: 
[2023-11-23 12:40:48][I/O dispatcher 1] TRACE o.s.data.elasticsearch.client.WIRE - [1171ba7e] Received raw response: 200 OK
[2023-11-23 12:40:49][Test worker] TRACE o.s.data.elasticsearch.client.WIRE - [34eb5d01] Sending request HEAD /scrap_accommo_1121 with parameters: 
[2023-11-23 12:40:49][I/O dispatcher 1] TRACE o.s.data.elasticsearch.client.WIRE - [34eb5d01] Received raw response: 200 OK
[2023-11-23 12:40:49][Test worker] INFO  c.s.s.ElasticsearchApplicationTests - Started ElasticsearchApplicationTests in 5.591 seconds (JVM running for 8.681)
[2023-11-23 12:40:50][Test worker] TRACE o.s.data.elasticsearch.client.WIRE - [2c06e145] Sending request GET / with parameters: 
[2023-11-23 12:40:50][I/O dispatcher 1] TRACE o.s.data.elasticsearch.client.WIRE - [2c06e145] Received raw response: 200 OK
]]></system-out>
  <system-err><![CDATA[]]></system-err>
</testsuite>
